<?xml version="1.0" encoding="UTF-8"?>
<!-- Generated by org.testng.reporters.JUnitReportReporter -->
<testsuite hostname="LAPTOP-A45GL5JI" failures="0" tests="2" name="test.ResetPageTest" time="18.457" errors="0" timestamp="2024-04-25T10:43:57 IST" skipped="0">
  <testcase classname="test.ResetPageTest" name="verifyResetPageTittle" time="6.917"/>
  <testcase classname="test.ResetPageTest" name="verifyErrorMessageWithInvalidEmailid" time="11.540"/>
</testsuite> <!-- test.ResetPageTest -->
