<?xml version="1.0" encoding="UTF-8"?>
<!-- Generated by org.testng.reporters.JUnitReportReporter -->
<testsuite hostname="LAPTOP-A45GL5JI" failures="0" tests="3" name="test.UserManagementPageTest" time="34.293" errors="0" timestamp="2024-05-02T21:55:19 IST" skipped="0">
  <testcase classname="test.UserManagementPageTest" name="verifyUserManagementOPtionUsers" time="16.655"/>
  <testcase classname="test.UserManagementPageTest" name="verifyUserManagementOPtionRoles" time="5.543"/>
  <testcase classname="test.UserManagementPageTest" name="verifyUserManagementOPtionSales" time="12.095"/>
</testsuite> <!-- test.UserManagementPageTest -->
