<?xml version="1.0" encoding="UTF-8"?>
<!-- Generated by org.testng.reporters.JUnitReportReporter -->
<testsuite hostname="LAPTOP-A45GL5JI" failures="0" tests="5" name="test.LoginPageTest" time="39.329" errors="0" timestamp="2024-04-29T11:55:51 IST" skipped="0">
  <testcase classname="test.LoginPageTest" name="verifyLoginPageTittle" time="8.724"/>
  <testcase classname="test.LoginPageTest" name="verifyUserLoginWithValidCredentials" time="8.831"/>
  <testcase classname="test.LoginPageTest" name="verifyErrorMessageWhileLoggingWithInvalidCredentials" time="7.414"/>
  <testcase classname="test.LoginPageTest" name="verifyErrorMessageWhileLoggingWithInvalidCredentials" time="6.846"/>
  <testcase classname="test.LoginPageTest" name="verifyErrorMessageWhileLoggingWithInvalidCredentials" time="7.514"/>
</testsuite> <!-- test.LoginPageTest -->
