<?xml version="1.0" encoding="UTF-8"?>
<!-- Generated by org.testng.reporters.JUnitReportReporter -->
<testsuite hostname="LAPTOP-A45GL5JI" failures="0" tests="5" name="test.LoginPageTest" time="24.389" errors="0" timestamp="2024-05-03T06:24:15 IST" skipped="0">
  <testcase classname="test.LoginPageTest" name="verifyLoginPageTittle" time="3.346"/>
  <testcase classname="test.LoginPageTest" name="verifyUserLoginWithValidCredentials" time="6.162"/>
  <testcase classname="test.LoginPageTest" name="verifyErrorMessageWhileLoggingWithInvalidCredentials" time="5.963"/>
  <testcase classname="test.LoginPageTest" name="verifyErrorMessageWhileLoggingWithInvalidCredentials" time="4.593"/>
  <testcase classname="test.LoginPageTest" name="verifyErrorMessageWhileLoggingWithInvalidCredentials" time="4.325"/>
</testsuite> <!-- test.LoginPageTest -->
