<?xml version="1.0" encoding="UTF-8"?>
<!-- Generated by org.testng.reporters.JUnitReportReporter -->
<testsuite hostname="LAPTOP-A45GL5JI" failures="0" tests="4" name="test.AddUserPageTest" time="80.324" errors="0" timestamp="2024-04-28T13:56:06 IST" skipped="1">
  <testcase classname="test.AddUserPageTest" name="verifyAddUserTittle" time="15.663"/>
  <testcase classname="test.AddUserPageTest" name="verifyAddUser" time="15.584"/>
  <testcase classname="test.AddUserPageTest" name="verifyAddUser" time="23.233">
    <skipped/>
  </testcase> <!-- verifyAddUser -->
  <testcase classname="test.AddUserPageTest" name="verifyUserLoginWithNewlyAddedUser" time="25.844"/>
</testsuite> <!-- test.AddUserPageTest -->
