<?xml version="1.0" encoding="UTF-8"?>
<!-- Generated by org.testng.reporters.JUnitReportReporter -->
<testsuite hostname="LAPTOP-A45GL5JI" failures="0" tests="2" name="test.ResetPageTest" time="17.584" errors="0" timestamp="2024-05-02T22:15:17 IST" skipped="0">
  <testcase classname="test.ResetPageTest" name="verifyResetPageTittle" time="9.651"/>
  <testcase classname="test.ResetPageTest" name="verifyErrorMessageWithInvalidEmailid" time="7.933"/>
</testsuite> <!-- test.ResetPageTest -->
