<?xml version="1.0" encoding="UTF-8"?>
<!-- Generated by org.testng.reporters.JUnitReportReporter -->
<testsuite hostname="LAPTOP-A45GL5JI" failures="0" tests="2" name="test.HomePageTest" time="32.971" errors="0" timestamp="2024-04-26T14:36:01 IST" skipped="0">
  <testcase classname="test.HomePageTest" name="verifyHomePageTittle" time="14.820"/>
  <testcase classname="test.HomePageTest" name="verifyUserLoginDate" time="18.151"/>
</testsuite> <!-- test.HomePageTest -->
