<?xml version="1.0" encoding="UTF-8"?>
<!-- Generated by org.testng.reporters.JUnitReportReporter -->
<testsuite hostname="LAPTOP-A45GL5JI" failures="0" tests="5" name="test.LoginPageTest" time="35.592" errors="0" timestamp="2024-04-28T11:16:21 IST" skipped="0">
  <testcase classname="test.LoginPageTest" name="verifyLoginPageTittle" time="4.682"/>
  <testcase classname="test.LoginPageTest" name="verifyUserLoginWithValidCredentials" time="9.394"/>
  <testcase classname="test.LoginPageTest" name="verifyErrorMessageWhileLoggingWithInvalidCredentials" time="6.251"/>
  <testcase classname="test.LoginPageTest" name="verifyErrorMessageWhileLoggingWithInvalidCredentials" time="7.811"/>
  <testcase classname="test.LoginPageTest" name="verifyErrorMessageWhileLoggingWithInvalidCredentials" time="7.454"/>
</testsuite> <!-- test.LoginPageTest -->
