<?xml version="1.0" encoding="UTF-8"?>
<!-- Generated by org.testng.reporters.JUnitReportReporter -->
<testsuite hostname="LAPTOP-A45GL5JI" failures="0" tests="2" name="test.HomePageTest" time="28.270" errors="0" timestamp="2024-04-30T21:13:57 IST" skipped="0">
  <testcase classname="test.HomePageTest" name="verifyHomePageTittle" time="18.743"/>
  <testcase classname="test.HomePageTest" name="verifyUserLoginDate" time="9.527"/>
</testsuite> <!-- test.HomePageTest -->
