<?xml version="1.0" encoding="UTF-8"?>
<!-- Generated by org.testng.reporters.JUnitReportReporter -->
<testsuite hostname="LAPTOP-A45GL5JI" failures="0" tests="3" name="test.UserManagementPageTest" time="27.333" errors="0" timestamp="2024-04-30T15:22:01 IST" skipped="0">
  <testcase classname="test.UserManagementPageTest" name="verifyUserManagementOPtionUsers" time="8.623"/>
  <testcase classname="test.UserManagementPageTest" name="verifyUserManagementOPtionRoles" time="10.546"/>
  <testcase classname="test.UserManagementPageTest" name="verifyUserManagementOPtionSales" time="8.164"/>
</testsuite> <!-- test.UserManagementPageTest -->
