<?xml version="1.0" encoding="UTF-8"?>
<!-- Generated by org.testng.reporters.JUnitReportReporter -->
<testsuite hostname="LAPTOP-A45GL5JI" failures="0" tests="6" name="test.AddUserPageTest" time="102.619" errors="0" timestamp="2024-05-03T06:24:15 IST" skipped="3">
  <testcase classname="test.AddUserPageTest" name="verifyAddUserTittle" time="9.293"/>
  <testcase classname="test.AddUserPageTest" name="verifyAddUser" time="19.788">
    <skipped/>
  </testcase> <!-- verifyAddUser -->
  <testcase classname="test.AddUserPageTest" name="verifyAddUser" time="13.579"/>
  <testcase classname="test.AddUserPageTest" name="verifyUserLoginWithNewlyAddedUser" time="17.292"/>
  <testcase classname="test.AddUserPageTest" name="verifyUserLoginWithNewlyAddedUser" time="21.608">
    <skipped/>
  </testcase> <!-- verifyUserLoginWithNewlyAddedUser -->
  <testcase classname="test.AddUserPageTest" name="verifyUserLoginWithNewlyAddedUser" time="21.059">
    <skipped/>
  </testcase> <!-- verifyUserLoginWithNewlyAddedUser -->
</testsuite> <!-- test.AddUserPageTest -->
