<?xml version="1.0" encoding="UTF-8"?>
<!-- Generated by org.testng.reporters.JUnitReportReporter -->
<testsuite hostname="LAPTOP-A45GL5JI" failures="0" tests="2" name="test.ResetPageTest" time="16.618" errors="0" timestamp="2024-04-29T11:55:51 IST" skipped="0">
  <testcase classname="test.ResetPageTest" name="verifyResetPageTittle" time="7.779"/>
  <testcase classname="test.ResetPageTest" name="verifyErrorMessageWithInvalidEmailid" time="8.839"/>
</testsuite> <!-- test.ResetPageTest -->
