<?xml version="1.0" encoding="UTF-8"?>
<!-- Generated by org.testng.reporters.JUnitReportReporter -->
<testsuite hostname="LAPTOP-A45GL5JI" failures="0" tests="3" name="test.AddUserPageTest" time="54.809" errors="0" timestamp="2024-04-28T11:16:21 IST" skipped="0">
  <testcase classname="test.AddUserPageTest" name="verifyAddUserTittle" time="11.995"/>
  <testcase classname="test.AddUserPageTest" name="verifyAddUser" time="16.990"/>
  <testcase classname="test.AddUserPageTest" name="verifyUserLoginWithNewlyAddedUser" time="25.824"/>
</testsuite> <!-- test.AddUserPageTest -->
