<?xml version="1.0" encoding="UTF-8"?>
<!-- Generated by org.testng.reporters.JUnitReportReporter -->
<testsuite hostname="LAPTOP-A45GL5JI" failures="0" tests="2" name="test.ResetPageTest" time="16.589" errors="0" timestamp="2024-04-30T21:13:57 IST" skipped="0">
  <testcase classname="test.ResetPageTest" name="verifyResetPageTittle" time="7.303"/>
  <testcase classname="test.ResetPageTest" name="verifyErrorMessageWithInvalidEmailid" time="9.286"/>
</testsuite> <!-- test.ResetPageTest -->
