<?xml version="1.0" encoding="UTF-8"?>
<!-- Generated by org.testng.reporters.JUnitReportReporter -->
<testsuite hostname="LAPTOP-A45GL5JI" failures="0" tests="3" name="test.UserManagementPageTest" time="24.781" errors="0" timestamp="2024-04-28T11:16:21 IST" skipped="0">
  <testcase classname="test.UserManagementPageTest" name="verifyUserManagementOPtionUsers" time="7.809"/>
  <testcase classname="test.UserManagementPageTest" name="verifyUserManagementOPtionRoles" time="4.599"/>
  <testcase classname="test.UserManagementPageTest" name="verifyUserManagementOPtionSales" time="12.373"/>
</testsuite> <!-- test.UserManagementPageTest -->
