<?xml version="1.0" encoding="UTF-8"?>
<!-- Generated by org.testng.reporters.JUnitReportReporter -->
<testsuite hostname="LAPTOP-A45GL5JI" failures="0" tests="3" name="test.UserManagementPageTest" time="47.656" errors="0" timestamp="2024-04-26T14:36:01 IST" skipped="0">
  <testcase classname="test.UserManagementPageTest" name="verifyUserManagementOPtionRoles" time="16.651"/>
  <testcase classname="test.UserManagementPageTest" name="verifyUserManagementOPtionSales" time="17.290"/>
  <testcase classname="test.UserManagementPageTest" name="verifyUserManagementOPtionUsers" time="13.715"/>
</testsuite> <!-- test.UserManagementPageTest -->
