<?xml version="1.0" encoding="UTF-8"?>
<!-- Generated by org.testng.reporters.JUnitReportReporter -->
<testsuite hostname="LAPTOP-A45GL5JI" failures="0" tests="2" name="test.ResetPageTest" time="9.905" errors="0" timestamp="2024-05-03T06:24:15 IST" skipped="0">
  <testcase classname="test.ResetPageTest" name="verifyResetPageTittle" time="3.762"/>
  <testcase classname="test.ResetPageTest" name="verifyErrorMessageWithInvalidEmailid" time="6.143"/>
</testsuite> <!-- test.ResetPageTest -->
