<?xml version="1.0" encoding="UTF-8"?>
<!-- Generated by org.testng.reporters.JUnitReportReporter -->
<testsuite hostname="LAPTOP-A45GL5JI" failures="0" tests="2" name="test.HomePageTest" time="19.499" errors="0" timestamp="2024-05-02T22:15:17 IST" skipped="0">
  <testcase classname="test.HomePageTest" name="verifyHomePageTittle" time="11.969"/>
  <testcase classname="test.HomePageTest" name="verifyUserLoginDate" time="7.530"/>
</testsuite> <!-- test.HomePageTest -->
