<?xml version="1.0" encoding="UTF-8"?>
<!-- Generated by org.testng.reporters.JUnitReportReporter -->
<testsuite hostname="LAPTOP-A45GL5JI" failures="0" tests="2" name="test.ResetPageTest" time="143.536" errors="0" timestamp="2024-04-26T14:36:01 IST" skipped="0">
  <testcase classname="test.ResetPageTest" name="verifyErrorMessageWithInvalidEmailid" time="133.544"/>
  <testcase classname="test.ResetPageTest" name="verifyResetPageTittle" time="9.992"/>
</testsuite> <!-- test.ResetPageTest -->
