<?xml version="1.0" encoding="UTF-8"?>
<!-- Generated by org.testng.reporters.JUnitReportReporter -->
<testsuite hostname="LAPTOP-A45GL5JI" failures="0" tests="2" name="test.HomePageTest" time="22.945" errors="0" timestamp="2024-04-29T11:55:51 IST" skipped="0">
  <testcase classname="test.HomePageTest" name="verifyHomePageTittle" time="11.637"/>
  <testcase classname="test.HomePageTest" name="verifyUserLoginDate" time="11.308"/>
</testsuite> <!-- test.HomePageTest -->
