<?xml version="1.0" encoding="UTF-8"?>
<!-- Generated by org.testng.reporters.JUnitReportReporter -->
<testsuite hostname="LAPTOP-A45GL5JI" failures="0" tests="3" name="test.UserManagementPageTest" time="24.462" errors="0" timestamp="2024-04-30T21:13:57 IST" skipped="0">
  <testcase classname="test.UserManagementPageTest" name="verifyUserManagementOPtionUsers" time="9.295"/>
  <testcase classname="test.UserManagementPageTest" name="verifyUserManagementOPtionRoles" time="7.867"/>
  <testcase classname="test.UserManagementPageTest" name="verifyUserManagementOPtionSales" time="7.300"/>
</testsuite> <!-- test.UserManagementPageTest -->
