<?xml version="1.0" encoding="UTF-8"?>
<!-- Generated by org.testng.reporters.JUnitReportReporter -->
<testsuite hostname="LAPTOP-A45GL5JI" failures="0" tests="3" name="test.AddUserPageTest" time="49.566" errors="0" timestamp="2024-04-30T21:13:57 IST" skipped="0">
  <testcase classname="test.AddUserPageTest" name="verifyAddUserTittle" time="9.687"/>
  <testcase classname="test.AddUserPageTest" name="verifyAddUser" time="17.057"/>
  <testcase classname="test.AddUserPageTest" name="verifyUserLoginWithNewlyAddedUser" time="22.822"/>
</testsuite> <!-- test.AddUserPageTest -->
