<?xml version="1.0" encoding="UTF-8"?>
<!-- Generated by org.testng.reporters.JUnitReportReporter -->
<testsuite hostname="LAPTOP-A45GL5JI" failures="0" tests="3" name="test.AddUserPageTest" time="56.041" errors="0" timestamp="2024-05-02T21:55:19 IST" skipped="0">
  <testcase classname="test.AddUserPageTest" name="verifyAddUserTittle" time="12.201"/>
  <testcase classname="test.AddUserPageTest" name="verifyAddUser" time="20.091"/>
  <testcase classname="test.AddUserPageTest" name="verifyUserLoginWithNewlyAddedUser" time="23.749"/>
</testsuite> <!-- test.AddUserPageTest -->
