<?xml version="1.0" encoding="UTF-8"?>
<!-- Generated by org.testng.reporters.JUnitReportReporter -->
<testsuite hostname="LAPTOP-A45GL5JI" failures="0" tests="3" name="test.AddUserPageTest" time="125.569" errors="0" timestamp="2024-04-26T14:36:01 IST" skipped="0">
  <testcase classname="test.AddUserPageTest" name="verifyAddUserTittle" time="71.215"/>
  <testcase classname="test.AddUserPageTest" name="verifyUserLoginWithNewlyAddedUser" time="32.147"/>
  <testcase classname="test.AddUserPageTest" name="verifyAddUser" time="22.207"/>
</testsuite> <!-- test.AddUserPageTest -->
