<?xml version="1.0" encoding="UTF-8"?>
<!-- Generated by org.testng.reporters.JUnitReportReporter -->
<testsuite hostname="LAPTOP-A45GL5JI" failures="0" tests="3" name="test.AddUserPageTest" time="55.037" errors="0" timestamp="2024-04-29T11:55:51 IST" skipped="0">
  <testcase classname="test.AddUserPageTest" name="verifyAddUserTittle" time="13.406"/>
  <testcase classname="test.AddUserPageTest" name="verifyAddUser" time="16.539"/>
  <testcase classname="test.AddUserPageTest" name="verifyUserLoginWithNewlyAddedUser" time="25.092"/>
</testsuite> <!-- test.AddUserPageTest -->
