<?xml version="1.0" encoding="UTF-8"?>
<!-- Generated by org.testng.reporters.JUnitReportReporter -->
<testsuite hostname="LAPTOP-A45GL5JI" failures="0" tests="3" name="test.UserManagementPageTest" time="21.505" errors="0" timestamp="2024-05-03T06:24:15 IST" skipped="0">
  <testcase classname="test.UserManagementPageTest" name="verifyUserManagementOPtionUsers" time="9.243"/>
  <testcase classname="test.UserManagementPageTest" name="verifyUserManagementOPtionRoles" time="6.423"/>
  <testcase classname="test.UserManagementPageTest" name="verifyUserManagementOPtionSales" time="5.839"/>
</testsuite> <!-- test.UserManagementPageTest -->
