<?xml version="1.0" encoding="UTF-8"?>
<!-- Generated by org.testng.reporters.JUnitReportReporter -->
<testsuite hostname="LAPTOP-A45GL5JI" failures="0" tests="2" name="test.HomePageTest" time="23.460" errors="0" timestamp="2024-04-28T13:56:06 IST" skipped="0">
  <testcase classname="test.HomePageTest" name="verifyHomePageTittle" time="11.976"/>
  <testcase classname="test.HomePageTest" name="verifyUserLoginDate" time="11.484"/>
</testsuite> <!-- test.HomePageTest -->
