<?xml version="1.0" encoding="UTF-8"?>
<!-- Generated by org.testng.reporters.JUnitReportReporter -->
<testsuite hostname="LAPTOP-A45GL5JI" failures="0" tests="1" name="test.UsersPageTest" time="14.774" errors="0" timestamp="2024-05-02T22:31:29 IST" skipped="0">
  <testcase classname="test.UsersPageTest" name="verifyManageUserTittle" time="14.774"/>
</testsuite> <!-- test.UsersPageTest -->
