<?xml version="1.0" encoding="UTF-8"?>
<!-- Generated by org.testng.reporters.JUnitReportReporter -->
<testsuite hostname="LAPTOP-A45GL5JI" failures="0" tests="5" name="test.LoginPageTest" time="71.516" errors="0" timestamp="2024-04-26T14:44:06 IST" skipped="0">
  <testcase classname="test.LoginPageTest" name="verifyErrorMessageWhileLoggingWithInvalidCredentials" time="14.449"/>
  <testcase classname="test.LoginPageTest" name="verifyUserLoginWithValidCredentials" time="20.990"/>
  <testcase classname="test.LoginPageTest" name="verifyErrorMessageWhileLoggingWithInvalidCredentials" time="12.103"/>
  <testcase classname="test.LoginPageTest" name="verifyErrorMessageWhileLoggingWithInvalidCredentials" time="13.381"/>
  <testcase classname="test.LoginPageTest" name="verifyLoginPageTittle" time="10.593"/>
</testsuite> <!-- test.LoginPageTest -->
