<?xml version="1.0" encoding="UTF-8"?>
<!-- Generated by org.testng.reporters.JUnitReportReporter -->
<testsuite hostname="LAPTOP-A45GL5JI" failures="0" tests="1" name="test.LoginPageTest" time="20.790" errors="0" timestamp="2024-04-30T15:10:47 IST" skipped="0">
  <testcase classname="test.LoginPageTest" name="verifyUserLoginWithValidCredentials" time="20.790"/>
</testsuite> <!-- test.LoginPageTest -->
