<?xml version="1.0" encoding="UTF-8"?>
<!-- Generated by org.testng.reporters.JUnitReportReporter -->
<testsuite hostname="LAPTOP-A45GL5JI" failures="0" tests="1" name="test.AddUserPageTest" time="24.665" errors="0" timestamp="2024-04-24T12:09:11 IST" skipped="0">
  <testcase classname="test.AddUserPageTest" name="verifyUserLoginWithNewUser" time="24.665"/>
</testsuite> <!-- test.AddUserPageTest -->
