<?xml version="1.0" encoding="UTF-8"?>
<!-- Generated by org.testng.reporters.JUnitReportReporter -->
<testsuite hostname="LAPTOP-A45GL5JI" failures="0" tests="2" name="test.ResetPageTest" time="13.578" errors="0" timestamp="2024-04-28T11:16:21 IST" skipped="0">
  <testcase classname="test.ResetPageTest" name="verifyResetPageTittle" time="5.939"/>
  <testcase classname="test.ResetPageTest" name="verifyErrorMessageWithInvalidEmailid" time="7.639"/>
</testsuite> <!-- test.ResetPageTest -->
