<?xml version="1.0" encoding="UTF-8"?>
<!-- Generated by org.testng.reporters.JUnitReportReporter -->
<testsuite hostname="LAPTOP-A45GL5JI" failures="0" tests="3" name="test.AddUserPageTest" time="48.479" errors="0" timestamp="2024-04-30T15:22:01 IST" skipped="0">
  <testcase classname="test.AddUserPageTest" name="verifyAddUserTittle" time="11.301"/>
  <testcase classname="test.AddUserPageTest" name="verifyAddUser" time="14.474"/>
  <testcase classname="test.AddUserPageTest" name="verifyUserLoginWithNewlyAddedUser" time="22.704"/>
</testsuite> <!-- test.AddUserPageTest -->
