<?xml version="1.0" encoding="UTF-8"?>
<!-- Generated by org.testng.reporters.JUnitReportReporter -->
<testsuite hostname="LAPTOP-A45GL5JI" failures="0" tests="2" name="test.HomePageTest" time="14.968" errors="0" timestamp="2024-05-03T06:24:15 IST" skipped="0">
  <testcase classname="test.HomePageTest" name="verifyHomePageTittle" time="9.699"/>
  <testcase classname="test.HomePageTest" name="verifyUserLoginDate" time="5.269"/>
</testsuite> <!-- test.HomePageTest -->
