<?xml version="1.0" encoding="UTF-8"?>
<!-- Generated by org.testng.reporters.JUnitReportReporter -->
<testsuite hostname="LAPTOP-A45GL5JI" failures="0" tests="3" name="test.UserManagementPageTest" time="29.441" errors="0" timestamp="2024-04-29T11:55:51 IST" skipped="0">
  <testcase classname="test.UserManagementPageTest" name="verifyUserManagementOPtionUsers" time="11.042"/>
  <testcase classname="test.UserManagementPageTest" name="verifyUserManagementOPtionRoles" time="9.699"/>
  <testcase classname="test.UserManagementPageTest" name="verifyUserManagementOPtionSales" time="8.700"/>
</testsuite> <!-- test.UserManagementPageTest -->
