<?xml version="1.0" encoding="UTF-8"?>
<!-- Generated by org.testng.reporters.JUnitReportReporter -->
<testsuite hostname="LAPTOP-A45GL5JI" failures="0" tests="2" name="test.HomePageTest" time="20.791" errors="0" timestamp="2024-04-28T11:16:21 IST" skipped="0">
  <testcase classname="test.HomePageTest" name="verifyHomePageTittle" time="10.221"/>
  <testcase classname="test.HomePageTest" name="verifyUserLoginDate" time="10.570"/>
</testsuite> <!-- test.HomePageTest -->
