<?xml version="1.0" encoding="UTF-8"?>
<!-- Generated by org.testng.reporters.JUnitReportReporter -->
<testsuite hostname="LAPTOP-A45GL5JI" failures="0" tests="1" name="test.UsersPageTest" time="11.141" errors="0" timestamp="2024-04-28T11:16:21 IST" skipped="0">
  <testcase classname="test.UsersPageTest" name="verifyManageUserTittle" time="11.141"/>
</testsuite> <!-- test.UsersPageTest -->
