<?xml version="1.0" encoding="UTF-8"?>
<!-- Generated by org.testng.reporters.JUnitReportReporter -->
<testsuite hostname="LAPTOP-A45GL5JI" failures="0" tests="3" name="test.AddUserPageTest" time="66.920" errors="0" timestamp="2024-04-27T21:00:39 IST" skipped="2">
  <testcase classname="test.AddUserPageTest" name="verifyAddUser" time="26.135">
    <skipped/>
  </testcase> <!-- verifyAddUser -->
  <testcase classname="test.AddUserPageTest" name="verifyAddUser" time="18.221"/>
  <testcase classname="test.AddUserPageTest" name="verifyAddUser" time="22.564">
    <skipped/>
  </testcase> <!-- verifyAddUser -->
</testsuite> <!-- test.AddUserPageTest -->
