<?xml version="1.0" encoding="UTF-8"?>
<!-- Generated by org.testng.reporters.JUnitReportReporter -->
<testsuite hostname="LAPTOP-A45GL5JI" failures="0" tests="1" name="test.UsersPageTest" time="8.333" errors="0" timestamp="2024-04-29T11:55:51 IST" skipped="0">
  <testcase classname="test.UsersPageTest" name="verifyManageUserTittle" time="8.333"/>
</testsuite> <!-- test.UsersPageTest -->
