<?xml version="1.0" encoding="UTF-8"?>
<!-- Generated by org.testng.reporters.JUnitReportReporter -->
<testsuite hostname="LAPTOP-A45GL5JI" failures="0" tests="3" name="test.UserManagementPageTest" time="26.009" errors="0" timestamp="2024-04-28T13:56:06 IST" skipped="0">
  <testcase classname="test.UserManagementPageTest" name="verifyUserManagementOPtionUsers" time="7.890"/>
  <testcase classname="test.UserManagementPageTest" name="verifyUserManagementOPtionRoles" time="9.007"/>
  <testcase classname="test.UserManagementPageTest" name="verifyUserManagementOPtionSales" time="9.112"/>
</testsuite> <!-- test.UserManagementPageTest -->
