<?xml version="1.0" encoding="UTF-8"?>
<!-- Generated by org.testng.reporters.JUnitReportReporter -->
<testsuite hostname="LAPTOP-A45GL5JI" failures="0" tests="5" name="test.LoginPageTest" time="45.475" errors="0" timestamp="2024-04-30T15:22:01 IST" skipped="0">
  <testcase classname="test.LoginPageTest" name="verifyLoginPageTittle" time="7.833"/>
  <testcase classname="test.LoginPageTest" name="verifyUserLoginWithValidCredentials" time="12.744"/>
  <testcase classname="test.LoginPageTest" name="verifyErrorMessageWhileLoggingWithInvalidCredentials" time="5.614"/>
  <testcase classname="test.LoginPageTest" name="verifyErrorMessageWhileLoggingWithInvalidCredentials" time="7.060"/>
  <testcase classname="test.LoginPageTest" name="verifyErrorMessageWhileLoggingWithInvalidCredentials" time="12.224"/>
</testsuite> <!-- test.LoginPageTest -->
